<?xml version="1.0" encoding="utf-8"?><testsuites name="pytest tests"><testsuite name="pytest" errors="0" failures="0" skipped="0" tests="5" time="1.705" timestamp="2026-07-17T17:35:21.953400+00:00" hostname="7170edf80535"><testcase classname="tests.test_class" name="test_create_class" time="1.114" /><testcase classname="tests.test_main" name="test_root" time="0.097" /><testcase classname="tests.test_main" name="test_health" time="0.016" /><testcase classname="tests.test_main" name="test_post" time="0.017" /><testcase classname="tests.test_math" name="test_add" time="0.084" /></testsuite></testsuites>